Namespace(lr=0.01, optim='sgd', num_workers=4, data_path='/scratch/yl7897/dataset', cpu_only=False, batch_size=128)
==> Preparing data..
Files already downloaded and verified
Files already downloaded and verified
[INFO]: Device: cuda
==> Building model..
Train Loss: 1.785 | Acc: 36.050% (18025/50000)
Validate Loss: 1.414 | Acc: 47.670% (4767/10000)
Train Loss: 1.235 | Acc: 55.524% (27762/50000)
Validate Loss: 1.382 | Acc: 54.580% (5458/10000)
Train Loss: 0.943 | Acc: 66.424% (33212/50000)
Validate Loss: 0.983 | Acc: 66.750% (6675/10000)
Train Loss: 0.748 | Acc: 73.750% (36875/50000)
Validate Loss: 0.690 | Acc: 76.180% (7618/10000)
Train Loss: 0.626 | Acc: 78.180% (39090/50000)
Validate Loss: 0.653 | Acc: 77.130% (7713/10000)
Train Loss: 0.543 | Acc: 81.264% (40632/50000)
Validate Loss: 0.594 | Acc: 79.910% (7991/10000)
Train Loss: 0.481 | Acc: 83.470% (41735/50000)
Validate Loss: 0.624 | Acc: 80.350% (8035/10000)
Train Loss: 0.437 | Acc: 84.964% (42482/50000)
Validate Loss: 0.565 | Acc: 80.910% (8091/10000)
Train Loss: 0.398 | Acc: 86.218% (43109/50000)
Validate Loss: 0.496 | Acc: 82.810% (8281/10000)
Train Loss: 0.366 | Acc: 87.364% (43682/50000)
Validate Loss: 0.452 | Acc: 84.440% (8444/10000)
Train Loss: 0.337 | Acc: 88.290% (44145/50000)
Validate Loss: 0.491 | Acc: 83.450% (8345/10000)
Train Loss: 0.315 | Acc: 89.264% (44632/50000)
Validate Loss: 0.472 | Acc: 84.560% (8456/10000)
Train Loss: 0.298 | Acc: 89.596% (44798/50000)
Validate Loss: 0.524 | Acc: 82.580% (8258/10000)
Train Loss: 0.281 | Acc: 90.192% (45096/50000)
Validate Loss: 0.485 | Acc: 84.310% (8431/10000)
Train Loss: 0.260 | Acc: 90.904% (45452/50000)
Validate Loss: 0.440 | Acc: 85.770% (8577/10000)
Train Loss: 0.248 | Acc: 91.446% (45723/50000)
Validate Loss: 0.470 | Acc: 85.060% (8506/10000)
Train Loss: 0.231 | Acc: 92.030% (46015/50000)
Validate Loss: 0.421 | Acc: 86.710% (8671/10000)
Train Loss: 0.218 | Acc: 92.302% (46151/50000)
Validate Loss: 0.372 | Acc: 87.970% (8797/10000)
Train Loss: 0.209 | Acc: 92.772% (46386/50000)
Validate Loss: 0.398 | Acc: 87.330% (8733/10000)
Train Loss: 0.195 | Acc: 93.184% (46592/50000)
Validate Loss: 0.388 | Acc: 87.640% (8764/10000)
Train Loss: 0.190 | Acc: 93.390% (46695/50000)
Validate Loss: 0.370 | Acc: 88.460% (8846/10000)
Train Loss: 0.181 | Acc: 93.722% (46861/50000)
Validate Loss: 0.364 | Acc: 88.690% (8869/10000)
Train Loss: 0.180 | Acc: 93.796% (46898/50000)
Validate Loss: 0.390 | Acc: 88.130% (8813/10000)
Train Loss: 0.169 | Acc: 94.096% (47048/50000)
Validate Loss: 0.341 | Acc: 89.080% (8908/10000)
Train Loss: 0.162 | Acc: 94.284% (47142/50000)
Validate Loss: 0.363 | Acc: 88.720% (8872/10000)
Train Loss: 0.155 | Acc: 94.582% (47291/50000)
Validate Loss: 0.334 | Acc: 89.140% (8914/10000)
Train Loss: 0.152 | Acc: 94.748% (47374/50000)
Validate Loss: 0.366 | Acc: 88.600% (8860/10000)
Train Loss: 0.145 | Acc: 94.884% (47442/50000)
Validate Loss: 0.420 | Acc: 87.760% (8776/10000)
Train Loss: 0.143 | Acc: 94.934% (47467/50000)
Validate Loss: 0.340 | Acc: 89.510% (8951/10000)
Train Loss: 0.136 | Acc: 95.306% (47653/50000)
Validate Loss: 0.346 | Acc: 89.250% (8925/10000)
Train Loss: 0.131 | Acc: 95.370% (47685/50000)
Validate Loss: 0.384 | Acc: 88.890% (8889/10000)
Train Loss: 0.130 | Acc: 95.432% (47716/50000)
Validate Loss: 0.348 | Acc: 89.290% (8929/10000)
Train Loss: 0.122 | Acc: 95.654% (47827/50000)
Validate Loss: 0.366 | Acc: 89.050% (8905/10000)
Train Loss: 0.120 | Acc: 95.826% (47913/50000)
Validate Loss: 0.307 | Acc: 90.640% (9064/10000)
Train Loss: 0.117 | Acc: 95.908% (47954/50000)
Validate Loss: 0.336 | Acc: 89.590% (8959/10000)
Train Loss: 0.115 | Acc: 95.888% (47944/50000)
Validate Loss: 0.360 | Acc: 89.000% (8900/10000)
Train Loss: 0.110 | Acc: 96.114% (48057/50000)
Validate Loss: 0.403 | Acc: 88.620% (8862/10000)
Train Loss: 0.108 | Acc: 96.212% (48106/50000)
Validate Loss: 0.358 | Acc: 89.200% (8920/10000)
Train Loss: 0.108 | Acc: 96.264% (48132/50000)
Validate Loss: 0.332 | Acc: 89.990% (8999/10000)
Train Loss: 0.107 | Acc: 96.234% (48117/50000)
Validate Loss: 0.332 | Acc: 89.810% (8981/10000)
Train Loss: 0.101 | Acc: 96.462% (48231/50000)
Validate Loss: 0.355 | Acc: 90.090% (9009/10000)
Train Loss: 0.101 | Acc: 96.370% (48185/50000)
Validate Loss: 0.343 | Acc: 89.880% (8988/10000)
Train Loss: 0.100 | Acc: 96.508% (48254/50000)
Validate Loss: 0.405 | Acc: 88.080% (8808/10000)
Train Loss: 0.095 | Acc: 96.732% (48366/50000)
Validate Loss: 0.351 | Acc: 90.100% (9010/10000)
Train Loss: 0.099 | Acc: 96.564% (48282/50000)
Validate Loss: 0.354 | Acc: 89.850% (8985/10000)
Train Loss: 0.090 | Acc: 96.746% (48373/50000)
Validate Loss: 0.313 | Acc: 90.630% (9063/10000)
Train Loss: 0.091 | Acc: 96.768% (48384/50000)
Validate Loss: 0.342 | Acc: 89.890% (8989/10000)
Train Loss: 0.087 | Acc: 96.954% (48477/50000)
Validate Loss: 0.323 | Acc: 90.840% (9084/10000)
Train Loss: 0.087 | Acc: 97.014% (48507/50000)
Validate Loss: 0.399 | Acc: 88.890% (8889/10000)
Train Loss: 0.091 | Acc: 96.768% (48384/50000)
Validate Loss: 0.370 | Acc: 89.900% (8990/10000)
Train Loss: 0.088 | Acc: 96.902% (48451/50000)
Validate Loss: 0.307 | Acc: 90.680% (9068/10000)
Train Loss: 0.086 | Acc: 97.004% (48502/50000)
Validate Loss: 0.332 | Acc: 90.550% (9055/10000)
Train Loss: 0.085 | Acc: 97.006% (48503/50000)
Validate Loss: 0.336 | Acc: 90.430% (9043/10000)
Train Loss: 0.083 | Acc: 97.134% (48567/50000)
Validate Loss: 0.377 | Acc: 89.410% (8941/10000)
Train Loss: 0.078 | Acc: 97.292% (48646/50000)
Validate Loss: 0.302 | Acc: 90.850% (9085/10000)
Train Loss: 0.076 | Acc: 97.320% (48660/50000)
Validate Loss: 0.368 | Acc: 89.510% (8951/10000)
Train Loss: 0.076 | Acc: 97.378% (48689/50000)
Validate Loss: 0.333 | Acc: 90.630% (9063/10000)
Train Loss: 0.078 | Acc: 97.224% (48612/50000)
Validate Loss: 0.346 | Acc: 89.960% (8996/10000)
Train Loss: 0.081 | Acc: 97.126% (48563/50000)
Validate Loss: 0.320 | Acc: 90.750% (9075/10000)
Train Loss: 0.075 | Acc: 97.370% (48685/50000)
Validate Loss: 0.363 | Acc: 90.020% (9002/10000)
Train Loss: 0.079 | Acc: 97.206% (48603/50000)
Validate Loss: 0.311 | Acc: 90.700% (9070/10000)
Train Loss: 0.070 | Acc: 97.514% (48757/50000)
Validate Loss: 0.347 | Acc: 90.340% (9034/10000)
Train Loss: 0.072 | Acc: 97.504% (48752/50000)
Validate Loss: 0.330 | Acc: 90.950% (9095/10000)
Train Loss: 0.074 | Acc: 97.414% (48707/50000)
Validate Loss: 0.310 | Acc: 91.150% (9115/10000)
Train Loss: 0.075 | Acc: 97.304% (48652/50000)
Validate Loss: 0.300 | Acc: 91.120% (9112/10000)
Train Loss: 0.071 | Acc: 97.516% (48758/50000)
Validate Loss: 0.311 | Acc: 90.880% (9088/10000)
Train Loss: 0.074 | Acc: 97.366% (48683/50000)
Validate Loss: 0.326 | Acc: 90.680% (9068/10000)
Train Loss: 0.068 | Acc: 97.682% (48841/50000)
Validate Loss: 0.335 | Acc: 90.320% (9032/10000)
Train Loss: 0.076 | Acc: 97.364% (48682/50000)
Validate Loss: 0.326 | Acc: 90.460% (9046/10000)
Train Loss: 0.069 | Acc: 97.548% (48774/50000)
Validate Loss: 0.300 | Acc: 91.270% (9127/10000)
Train Loss: 0.067 | Acc: 97.686% (48843/50000)
Validate Loss: 0.320 | Acc: 90.870% (9087/10000)
Train Loss: 0.069 | Acc: 97.586% (48793/50000)
Validate Loss: 0.313 | Acc: 91.240% (9124/10000)
Train Loss: 0.066 | Acc: 97.712% (48856/50000)
Validate Loss: 0.315 | Acc: 91.280% (9128/10000)
Train Loss: 0.066 | Acc: 97.652% (48826/50000)
Validate Loss: 0.322 | Acc: 90.600% (9060/10000)
Train Loss: 0.066 | Acc: 97.692% (48846/50000)
Validate Loss: 0.310 | Acc: 90.880% (9088/10000)
Train Loss: 0.063 | Acc: 97.818% (48909/50000)
Validate Loss: 0.316 | Acc: 90.790% (9079/10000)
Train Loss: 0.070 | Acc: 97.534% (48767/50000)
Validate Loss: 0.309 | Acc: 91.390% (9139/10000)
Train Loss: 0.064 | Acc: 97.764% (48882/50000)
Validate Loss: 0.325 | Acc: 91.250% (9125/10000)
Train Loss: 0.069 | Acc: 97.610% (48805/50000)
Validate Loss: 0.333 | Acc: 90.330% (9033/10000)
Train Loss: 0.064 | Acc: 97.798% (48899/50000)
Validate Loss: 0.318 | Acc: 91.010% (9101/10000)
Train Loss: 0.064 | Acc: 97.818% (48909/50000)
Validate Loss: 0.371 | Acc: 89.610% (8961/10000)
Train Loss: 0.065 | Acc: 97.732% (48866/50000)
Validate Loss: 0.309 | Acc: 91.400% (9140/10000)
Train Loss: 0.069 | Acc: 97.606% (48803/50000)
Validate Loss: 0.326 | Acc: 90.300% (9030/10000)
Train Loss: 0.059 | Acc: 98.016% (49008/50000)
Validate Loss: 0.332 | Acc: 90.900% (9090/10000)
Train Loss: 0.069 | Acc: 97.642% (48821/50000)
Validate Loss: 0.301 | Acc: 91.260% (9126/10000)
Train Loss: 0.069 | Acc: 97.560% (48780/50000)
Validate Loss: 0.334 | Acc: 90.320% (9032/10000)
Train Loss: 0.061 | Acc: 97.904% (48952/50000)
Validate Loss: 0.310 | Acc: 91.110% (9111/10000)
Train Loss: 0.062 | Acc: 97.906% (48953/50000)
Validate Loss: 0.333 | Acc: 90.650% (9065/10000)
Train Loss: 0.063 | Acc: 97.848% (48924/50000)
Validate Loss: 0.342 | Acc: 90.520% (9052/10000)
Train Loss: 0.064 | Acc: 97.800% (48900/50000)
Validate Loss: 0.370 | Acc: 89.970% (8997/10000)
Train Loss: 0.062 | Acc: 97.868% (48934/50000)
Validate Loss: 0.338 | Acc: 90.220% (9022/10000)
Train Loss: 0.068 | Acc: 97.660% (48830/50000)
Validate Loss: 0.310 | Acc: 90.670% (9067/10000)
Train Loss: 0.064 | Acc: 97.814% (48907/50000)
Validate Loss: 0.337 | Acc: 90.460% (9046/10000)
Train Loss: 0.061 | Acc: 97.864% (48932/50000)
Validate Loss: 0.312 | Acc: 91.130% (9113/10000)
Train Loss: 0.069 | Acc: 97.574% (48787/50000)
Validate Loss: 0.347 | Acc: 89.740% (8974/10000)
Train Loss: 0.062 | Acc: 97.842% (48921/50000)
Validate Loss: 0.313 | Acc: 91.420% (9142/10000)
Train Loss: 0.058 | Acc: 98.008% (49004/50000)
Validate Loss: 0.313 | Acc: 91.200% (9120/10000)
Train Loss: 0.062 | Acc: 97.958% (48979/50000)
Validate Loss: 0.306 | Acc: 91.100% (9110/10000)
Train Loss: 0.066 | Acc: 97.758% (48879/50000)
Validate Loss: 0.372 | Acc: 89.960% (8996/10000)
Train Loss: 0.057 | Acc: 98.082% (49041/50000)
Validate Loss: 0.302 | Acc: 91.170% (9117/10000)
Train Loss: 0.059 | Acc: 98.082% (49041/50000)
Validate Loss: 0.384 | Acc: 89.460% (8946/10000)
Train Loss: 0.066 | Acc: 97.764% (48882/50000)
Validate Loss: 0.362 | Acc: 89.890% (8989/10000)
Train Loss: 0.065 | Acc: 97.756% (48878/50000)
Validate Loss: 0.318 | Acc: 90.560% (9056/10000)
Train Loss: 0.064 | Acc: 97.830% (48915/50000)
Validate Loss: 0.309 | Acc: 90.790% (9079/10000)
Train Loss: 0.065 | Acc: 97.796% (48898/50000)
Validate Loss: 0.321 | Acc: 90.850% (9085/10000)
Train Loss: 0.062 | Acc: 97.896% (48948/50000)
Validate Loss: 0.329 | Acc: 90.650% (9065/10000)
Train Loss: 0.064 | Acc: 97.850% (48925/50000)
Validate Loss: 0.314 | Acc: 90.930% (9093/10000)
Train Loss: 0.058 | Acc: 98.038% (49019/50000)
Validate Loss: 0.326 | Acc: 90.430% (9043/10000)
Train Loss: 0.064 | Acc: 97.852% (48926/50000)
Validate Loss: 0.321 | Acc: 90.760% (9076/10000)
Train Loss: 0.061 | Acc: 97.888% (48944/50000)
Validate Loss: 0.321 | Acc: 91.080% (9108/10000)
Train Loss: 0.065 | Acc: 97.876% (48938/50000)
Validate Loss: 0.290 | Acc: 91.140% (9114/10000)
Train Loss: 0.059 | Acc: 97.990% (48995/50000)
Validate Loss: 0.334 | Acc: 90.870% (9087/10000)
Train Loss: 0.063 | Acc: 97.858% (48929/50000)
Validate Loss: 0.355 | Acc: 90.500% (9050/10000)
Train Loss: 0.060 | Acc: 97.970% (48985/50000)
Validate Loss: 0.299 | Acc: 91.130% (9113/10000)
Train Loss: 0.060 | Acc: 97.954% (48977/50000)
Validate Loss: 0.361 | Acc: 89.890% (8989/10000)
Train Loss: 0.064 | Acc: 97.820% (48910/50000)
Validate Loss: 0.309 | Acc: 91.210% (9121/10000)
Train Loss: 0.058 | Acc: 98.062% (49031/50000)
Validate Loss: 0.312 | Acc: 91.170% (9117/10000)
Train Loss: 0.058 | Acc: 98.068% (49034/50000)
Validate Loss: 0.315 | Acc: 90.740% (9074/10000)
Train Loss: 0.066 | Acc: 97.782% (48891/50000)
Validate Loss: 0.278 | Acc: 91.550% (9155/10000)
Train Loss: 0.060 | Acc: 98.026% (49013/50000)
Validate Loss: 0.317 | Acc: 90.950% (9095/10000)
Train Loss: 0.062 | Acc: 97.874% (48937/50000)
Validate Loss: 0.336 | Acc: 90.310% (9031/10000)
Train Loss: 0.063 | Acc: 97.866% (48933/50000)
Validate Loss: 0.298 | Acc: 91.250% (9125/10000)
Train Loss: 0.060 | Acc: 97.966% (48983/50000)
Validate Loss: 0.310 | Acc: 91.240% (9124/10000)
Train Loss: 0.066 | Acc: 97.776% (48888/50000)
Validate Loss: 0.304 | Acc: 91.410% (9141/10000)
Train Loss: 0.063 | Acc: 97.860% (48930/50000)
Validate Loss: 0.305 | Acc: 91.050% (9105/10000)
Train Loss: 0.056 | Acc: 98.144% (49072/50000)
Validate Loss: 0.291 | Acc: 91.710% (9171/10000)
Train Loss: 0.062 | Acc: 97.906% (48953/50000)
Validate Loss: 0.373 | Acc: 89.520% (8952/10000)
Train Loss: 0.063 | Acc: 97.836% (48918/50000)
Validate Loss: 0.323 | Acc: 90.840% (9084/10000)
Train Loss: 0.064 | Acc: 97.790% (48895/50000)
Validate Loss: 0.372 | Acc: 89.440% (8944/10000)
Train Loss: 0.061 | Acc: 97.970% (48985/50000)
Validate Loss: 0.295 | Acc: 91.520% (9152/10000)
Train Loss: 0.063 | Acc: 97.844% (48922/50000)
Validate Loss: 0.300 | Acc: 91.230% (9123/10000)
Train Loss: 0.060 | Acc: 97.964% (48982/50000)
Validate Loss: 0.292 | Acc: 91.680% (9168/10000)
Train Loss: 0.060 | Acc: 97.988% (48994/50000)
Validate Loss: 0.313 | Acc: 90.840% (9084/10000)
Train Loss: 0.059 | Acc: 98.000% (49000/50000)
Validate Loss: 0.315 | Acc: 91.110% (9111/10000)
Train Loss: 0.060 | Acc: 98.014% (49007/50000)
Validate Loss: 0.384 | Acc: 89.180% (8918/10000)
Train Loss: 0.059 | Acc: 98.066% (49033/50000)
Validate Loss: 0.290 | Acc: 91.760% (9176/10000)
Train Loss: 0.063 | Acc: 97.860% (48930/50000)
Validate Loss: 0.344 | Acc: 90.320% (9032/10000)
Train Loss: 0.064 | Acc: 97.848% (48924/50000)
Validate Loss: 0.306 | Acc: 91.140% (9114/10000)
Train Loss: 0.061 | Acc: 97.932% (48966/50000)
Validate Loss: 0.329 | Acc: 90.710% (9071/10000)
Train Loss: 0.064 | Acc: 97.842% (48921/50000)
Validate Loss: 0.309 | Acc: 91.270% (9127/10000)
Train Loss: 0.057 | Acc: 98.136% (49068/50000)
Validate Loss: 0.351 | Acc: 89.970% (8997/10000)
Train Loss: 0.062 | Acc: 97.972% (48986/50000)
Validate Loss: 0.302 | Acc: 91.350% (9135/10000)
Train Loss: 0.061 | Acc: 97.894% (48947/50000)
Validate Loss: 0.339 | Acc: 90.540% (9054/10000)
Train Loss: 0.057 | Acc: 98.154% (49077/50000)
Validate Loss: 0.305 | Acc: 91.060% (9106/10000)
Train Loss: 0.062 | Acc: 97.920% (48960/50000)
Validate Loss: 0.330 | Acc: 90.370% (9037/10000)
Train Loss: 0.062 | Acc: 97.954% (48977/50000)
Validate Loss: 0.336 | Acc: 90.180% (9018/10000)
Train Loss: 0.062 | Acc: 97.934% (48967/50000)
Validate Loss: 0.327 | Acc: 90.870% (9087/10000)
Train Loss: 0.059 | Acc: 98.038% (49019/50000)
Validate Loss: 0.307 | Acc: 91.630% (9163/10000)
Train Loss: 0.054 | Acc: 98.218% (49109/50000)
Validate Loss: 0.331 | Acc: 90.530% (9053/10000)
Train Loss: 0.063 | Acc: 97.856% (48928/50000)
Validate Loss: 0.324 | Acc: 90.630% (9063/10000)
Train Loss: 0.061 | Acc: 97.946% (48973/50000)
Validate Loss: 0.328 | Acc: 90.810% (9081/10000)
Train Loss: 0.059 | Acc: 98.036% (49018/50000)
Validate Loss: 0.339 | Acc: 89.700% (8970/10000)
Train Loss: 0.061 | Acc: 97.950% (48975/50000)
Validate Loss: 0.305 | Acc: 91.200% (9120/10000)
Train Loss: 0.062 | Acc: 97.864% (48932/50000)
Validate Loss: 0.310 | Acc: 91.200% (9120/10000)
Train Loss: 0.058 | Acc: 98.026% (49013/50000)
Validate Loss: 0.341 | Acc: 90.430% (9043/10000)
Train Loss: 0.066 | Acc: 97.836% (48918/50000)
Validate Loss: 0.289 | Acc: 91.310% (9131/10000)
Train Loss: 0.053 | Acc: 98.214% (49107/50000)
Validate Loss: 0.338 | Acc: 91.050% (9105/10000)
Train Loss: 0.062 | Acc: 97.916% (48958/50000)
Validate Loss: 0.303 | Acc: 90.930% (9093/10000)
Train Loss: 0.056 | Acc: 98.084% (49042/50000)
Validate Loss: 0.357 | Acc: 89.990% (8999/10000)
Train Loss: 0.062 | Acc: 97.932% (48966/50000)
Validate Loss: 0.307 | Acc: 91.230% (9123/10000)
Train Loss: 0.058 | Acc: 97.976% (48988/50000)
Validate Loss: 0.289 | Acc: 91.720% (9172/10000)
Train Loss: 0.058 | Acc: 98.090% (49045/50000)
Validate Loss: 0.317 | Acc: 90.910% (9091/10000)
Train Loss: 0.058 | Acc: 98.042% (49021/50000)
Validate Loss: 0.284 | Acc: 92.090% (9209/10000)
Total training time:  5818.884653871879 Epoch:  163
